[2026-04-17T09:17:14.095Z] Dev server process group stopped
[2026-04-17T09:17:14.099Z] ELIFECYCLE  Command failed.
[2026-04-17T09:17:14.099Z] WARN   Local package.json exists, but node_modules missing, did you mean to install?
[2026-04-17T09:17:14.115Z] Dev server exited with code -15
[2026-04-17T09:17:17.111Z] Starting dev server with command: pnpm run dev
[2026-04-17T09:17:17.530Z] ERR_PNPM_NO_IMPORTER_MANIFEST_FOUND  No package.json (or package.yaml, or package.json5) was found in "/home/ubuntu/order_schedule_system".
[2026-04-17T09:17:17.553Z] Dev server exited with code 1
[2026-04-17T09:49:20.901Z] Starting dev server with command: pnpm run dev
[2026-04-17T09:49:21.316Z] ERR_PNPM_NO_IMPORTER_MANIFEST_FOUND  No package.json (or package.yaml, or package.json5) was found in "/home/ubuntu/order_schedule_system".
[2026-04-17T09:49:21.336Z] Dev server exited with code 1
[2026-04-18T05:37:11.040Z] Starting dev server with command: pnpm run dev
[2026-04-18T05:37:11.445Z] 
[2026-04-18T05:37:11.446Z] > order_schedule_system_prod@1.0.0 dev /home/ubuntu/order_schedule_system
[2026-04-18T05:37:11.446Z] > concurrently "pnpm run server:dev" "pnpm run client:dev"
[2026-04-18T05:37:11.447Z] 
[2026-04-18T05:37:12.032Z] [1]
[2026-04-18T05:37:12.033Z] [1] > order_schedule_system_prod@1.0.0 client:dev /home/ubuntu/order_schedule_system
[2026-04-18T05:37:12.034Z] [1] > vite
[2026-04-18T05:37:12.034Z] [1]
[2026-04-18T05:37:12.069Z] [0]
[2026-04-18T05:37:12.070Z] [0] > order_schedule_system_prod@1.0.0 server:dev /home/ubuntu/order_schedule_system
[2026-04-18T05:37:12.070Z] [0] > node --import tsx server/index.ts
[2026-04-18T05:37:12.070Z] [0]
[2026-04-18T05:37:12.316Z] [1]
[2026-04-18T05:37:12.316Z] [1]   VITE v5.4.21  ready in 241 ms
[2026-04-18T05:37:12.317Z] [1]
[2026-04-18T05:37:12.317Z] [1]   ➜  Local:   http://localhost:5175/
[2026-04-18T05:37:12.318Z] [1]   ➜  Network: http://169.254.0.21:5175/
[2026-04-18T05:37:12.557Z] [0] ✓ Server running on http://localhost:3000
[2026-04-18T05:42:44.041Z] [1] 1:42:44 AM [vite] changed tsconfig file detected: /home/ubuntu/order_schedule_system/tsconfig.json - Clearing cache and forcing full-reload to ensure TypeScript is compiled with updated config values.
